2026-01-11 06:04:27 +00:00: 
2026-01-11 06:04:27 +00:00: > trendy-fashion-zone@1.0.0 start
2026-01-11 06:04:27 +00:00: > next start -p 3000 -H 0.0.0.0
2026-01-11 06:04:27 +00:00: 
2026-01-11 06:04:27 +00:00:   ▲ Next.js 14.2.35
2026-01-11 06:04:27 +00:00:   - Local:        http://localhost:3000
2026-01-11 06:04:27 +00:00:   - Network:      http://0.0.0.0:3000
2026-01-11 06:04:27 +00:00: 
2026-01-11 06:04:27 +00:00:  ✓ Starting...
2026-01-11 06:04:28 +00:00:  ✓ Ready in 546ms
2026-01-11 06:47:28 +00:00: 
2026-01-11 06:47:28 +00:00: > trendy-fashion-zone@1.0.0 start
2026-01-11 06:47:28 +00:00: > next start -p 3000 -H 0.0.0.0
2026-01-11 06:47:28 +00:00: 
2026-01-11 06:47:29 +00:00:   ▲ Next.js 14.2.35
2026-01-11 06:47:29 +00:00:   - Local:        http://localhost:3000
2026-01-11 06:47:29 +00:00:   - Network:      http://0.0.0.0:3000
2026-01-11 06:47:29 +00:00: 
2026-01-11 06:47:29 +00:00:  ✓ Starting...
2026-01-11 06:47:29 +00:00:  ✓ Ready in 947ms
2026-01-11 06:49:20 +00:00: 
2026-01-11 06:49:20 +00:00: > trendy-fashion-zone@1.0.0 start
2026-01-11 06:49:20 +00:00: > next start -p 3000 -H 0.0.0.0
2026-01-11 06:49:20 +00:00: 
2026-01-11 06:49:20 +00:00:   ▲ Next.js 14.2.35
2026-01-11 06:49:20 +00:00:   - Local:        http://localhost:3000
2026-01-11 06:49:20 +00:00:   - Network:      http://0.0.0.0:3000
2026-01-11 06:49:20 +00:00: 
2026-01-11 06:49:20 +00:00:  ✓ Starting...
2026-01-11 06:49:21 +00:00:  ✓ Ready in 546ms
2026-01-11 08:26:20 +00:00: [Sports Category] Found 0 products from products table
2026-01-11 08:26:20 +00:00: [Sports Category] Found 0 products from images table
2026-01-11 11:59:58 +00:00: [Sports Category] Found 0 products from products table
2026-01-11 11:59:58 +00:00: [Sports Category] Found 0 products from images table
2026-01-11 12:40:20 +00:00: [Casual Category] Found 0 products from products table
2026-01-11 12:40:20 +00:00: [Casual Category] Found 0 products from images table
2026-01-11 12:50:15 +00:00: [Officials Category] Found 0 products from products table
2026-01-11 12:50:15 +00:00: [Officials Category] Found 0 products from images table
